[20:49:01] [main/INFO] (FabricLoader/GameProvider) Loading Minecraft 26.1.2 with Fabric Loader 0.19.2
[20:49:01] [main/INFO] (FabricLoader/Mappings) Mappings not present!
[20:49:02] [main/INFO] (FabricLoader) Loading 51 mods:
	- client 7.53.1-MC26.1.2
	- fabric-api 0.149.1+26.1.2
	- fabric-api-base 2.0.3+ece063234c
	- fabric-api-lookup-api-v1 2.0.11+d5a053b64c
	- fabric-biome-api-v1 18.0.4+35c80edc4c
	- fabric-block-api-v1 3.0.2+ec56b6014c
	- fabric-block-getter-api-v2 2.0.6+ec56b6014c
	- fabric-client-gametest-api-v1 5.0.16+cef2a4834c
	- fabric-command-api-v2 3.0.5+e2bdee784c
	- fabric-content-registries-v0 11.1.1+1a3b26974c
	- fabric-convention-tags-v2 4.6.1+4f11f7994c
	- fabric-crash-report-info-v1 1.0.3+9f78a5a84c
	- fabric-creative-tab-api-v1 5.0.11+d871b99e4c
	- fabric-data-attachment-api-v1 2.2.7+44a0bd1d4c
	- fabric-data-generation-api-v1 24.2.1+73b1f9054c
	- fabric-debug-api-v1 1.0.1+c792624d4c
	- fabric-dimensions-v1 5.1.5+9cbf5da54c
	- fabric-entity-events-v1 5.0.2+e2bdee784c
	- fabric-events-interaction-v0 5.2.1+a67251b84c
	- fabric-game-rule-api-v1 4.0.5+d871b99e4c
	- fabric-gametest-api-v1 4.0.16+867b87624c
	- fabric-item-api-v1 14.1.2+73d134684c
	- fabric-key-mapping-api-v1 2.0.4+e2bdee784c
	- fabric-lifecycle-events-v1 4.1.0+6d50a0854c
	- fabric-loot-api-v3 3.0.12+00a1fba64c
	- fabric-menu-api-v1 2.0.13+d871b99e4c
	- fabric-message-api-v1 7.0.5+dae8ce3e4c
	- fabric-model-loading-api-v1 8.0.7+c80601bb4c
	- fabric-networking-api-v1 6.3.1+554860db4c
	- fabric-object-builder-api-v1 23.0.16+b95dd56e4c
	- fabric-particles-v1 5.0.15+b61fef434c
	- fabric-permission-api-v1 1.0.0+f3e738be4c
	- fabric-recipe-api-v1 9.0.15+be4b75ae4c
	- fabric-registry-sync-v0 7.0.13+b61fef434c
	- fabric-renderer-api-v1 13.0.4+c80601bb4c
	- fabric-renderer-indigo 8.1.1+1403e82c4c
	- fabric-rendering-fluids-v1 6.0.1+d871b99e4c
	- fabric-rendering-v1 23.1.1+1403e82c4c
	- fabric-resource-conditions-api-v1 6.0.5+00a1fba64c
	- fabric-resource-loader-v0 3.3.17+4fc5413f4c
	- fabric-resource-loader-v1 2.0.10+7c44c7324c
	- fabric-screen-api-v1 5.0.1+d871b99e4c
	- fabric-serialization-api-v1 2.0.3+11a26f314c
	- fabric-sound-api-v1 2.0.4+11a26f314c
	- fabric-tag-api-v1 2.1.1+371cf5db4c
	- fabric-transfer-api-v1 8.0.5+357ea7334c
	- fabric-transitive-access-wideners-v1 8.1.1+7f80f93d4c
	- fabricloader 0.19.2
	- java 25
	- minecraft 26.1.2
	- mixinextras 0.5.4
[20:49:02] [main/WARN] (FabricLoader/ModRemap) Runtime mod remapping disabled due to no fabric.remapClasspathFile being specified. You may need to update loom.
[20:49:02] [main/INFO] (FabricLoader/Mixin) SpongePowered MIXIN Subsystem Version=0.8.7 Source=file:/home/nguyen-ba-minh/.gradle/caches/modules-2/files-2.1/net.fabricmc/sponge-mixin/0.17.2+mixin.0.8.7/edf98d1d98229e46e36c61774ae2b54dcd852981/sponge-mixin-0.17.2+mixin.0.8.7.jar Service=Knot/Fabric Env=CLIENT
[20:49:02] [main/INFO] (FabricLoader/Mixin) Compatibility level set to JAVA_25
[20:49:03] [main/WARN] (FabricLoader/Mixin) Error loading class: net/caffeinemc/mods/sodium/client/render/chunk/occlusion/OcclusionCuller (java.lang.ClassNotFoundException: net/caffeinemc/mods/sodium/client/render/chunk/occlusion/OcclusionCuller)
[20:49:03] [main/WARN] (FabricLoader/Mixin) Error loading class: net/caffeinemc/mods/sodium/client/render/model/AbstractBlockRenderContext (java.lang.ClassNotFoundException: net/caffeinemc/mods/sodium/client/render/model/AbstractBlockRenderContext)
[20:49:03] [main/WARN] (FabricLoader/Mixin) Error loading class: net/caffeinemc/mods/sodium/client/render/chunk/compile/pipeline/BlockRenderer (java.lang.ClassNotFoundException: net/caffeinemc/mods/sodium/client/render/chunk/compile/pipeline/BlockRenderer)
[20:49:03] [main/WARN] (FabricLoader/Mixin) Error loading class: net/caffeinemc/mods/sodium/client/render/chunk/compile/pipeline/DefaultFluidRenderer (java.lang.ClassNotFoundException: net/caffeinemc/mods/sodium/client/render/chunk/compile/pipeline/DefaultFluidRenderer)
[20:49:04] [main/INFO] (FabricLoader/MixinExtras|Service) Initializing MixinExtras via com.llamalad7.mixinextras.service.MixinExtrasServiceImpl(version=0.5.4).
[20:49:06] [Datafixer Bootstrap/INFO] (Minecraft) 291 Datafixer optimizations took 1017 milliseconds
[20:49:14] [Render thread/INFO] (Minecraft) Environment: Environment[sessionHost=https://sessionserver.mojang.com, servicesHost=https://api.minecraftservices.com, profilesHost=https://api.mojang.com, name=PROD]
[20:49:14] [Render thread/INFO] (Minecraft) Setting user: Player680
[20:49:15] [Render thread/INFO] (Minecraft) [STDOUT]: Starting Wurst Client...
[20:49:15] [Plausible/INFO] (Plausible) Event (3 props): {"name":"pageview","url":"mod://wurst/","domain":"wurst","props":{"mc_version":"26.1.2","fabric_api_version":"0.149.1+26.1.2","fabric_loader_version":"0.19.2"}}
[20:49:16] [Render thread/INFO] (Indigo) [Indigo] Registering Indigo renderer!
[20:49:16] [Download-2/ERROR] (Minecraft) Failed to fetch user properties
com.mojang.authlib.exceptions.InvalidCredentialsException: Status: 401
	at knot//com.mojang.authlib.exceptions.MinecraftClientHttpException.toAuthenticationException(MinecraftClientHttpException.java:59)
	at knot//com.mojang.authlib.yggdrasil.YggdrasilUserApiService.fetchProperties(YggdrasilUserApiService.java:150)
	at knot//net.minecraft.client.Minecraft.lambda$new$1(Minecraft.java:459)
	at java.base/java.util.concurrent.CompletableFuture$AsyncSupply.run(CompletableFuture.java:1789)
	at java.base/java.util.concurrent.ThreadPoolExecutor.runWorker(ThreadPoolExecutor.java:1090)
	at java.base/java.util.concurrent.ThreadPoolExecutor$Worker.run(ThreadPoolExecutor.java:614)
	at java.base/java.lang.Thread.run(Thread.java:1474)
Caused by: com.mojang.authlib.exceptions.MinecraftClientHttpException: Status: 401
	at knot//com.mojang.authlib.minecraft.client.MinecraftClient.readInputStream(MinecraftClient.java:103)
	at knot//com.mojang.authlib.minecraft.client.MinecraftClient.get(MinecraftClient.java:56)
	at knot//com.mojang.authlib.yggdrasil.YggdrasilUserApiService.fetchProperties(YggdrasilUserApiService.java:121)
	... 5 more
[20:49:16] [Render thread/INFO] (Minecraft) Backend library: LWJGL version 3.4.1-snapshot
[20:49:17] [Render thread/INFO] (Minecraft) Using optional rendering extensions: GL_ARB_buffer_storage, GL_KHR_debug, GL_ARB_vertex_attrib_binding, GL_ARB_direct_state_access, GL_EXT_texture_filter_anisotropic
[20:49:18] [Render thread/INFO] (Minecraft) Reloading ResourceManager: vanilla, client, fabric-api, fabric-api-base, fabric-api-lookup-api-v1, fabric-biome-api-v1, fabric-block-api-v1, fabric-block-getter-api-v2, fabric-client-gametest-api-v1, fabric-command-api-v2, fabric-content-registries-v0, fabric-convention-tags-v2, fabric-crash-report-info-v1, fabric-creative-tab-api-v1, fabric-data-attachment-api-v1, fabric-data-generation-api-v1, fabric-debug-api-v1, fabric-dimensions-v1, fabric-entity-events-v1, fabric-events-interaction-v0, fabric-game-rule-api-v1, fabric-gametest-api-v1, fabric-item-api-v1, fabric-key-mapping-api-v1, fabric-lifecycle-events-v1, fabric-loot-api-v3, fabric-menu-api-v1, fabric-message-api-v1, fabric-model-loading-api-v1, fabric-networking-api-v1, fabric-object-builder-api-v1, fabric-particles-v1, fabric-permission-api-v1, fabric-recipe-api-v1, fabric-registry-sync-v0, fabric-renderer-api-v1, fabric-renderer-indigo, fabric-rendering-fluids-v1, fabric-rendering-v1, fabric-resource-conditions-api-v1, fabric-resource-loader-v0, fabric-resource-loader-v1, fabric-screen-api-v1, fabric-serialization-api-v1, fabric-sound-api-v1, fabric-tag-api-v1, fabric-transfer-api-v1, fabric-transitive-access-wideners-v1, fabricloader
[20:49:19] [Worker-Main-2/INFO] (Minecraft) Found unifont_all_no_pua-17.0.01.hex, loading
[20:49:19] [Worker-Main-1/INFO] (Minecraft) Found unifont_pua-17.0.01.hex, loading
[20:49:20] [Worker-Main-2/INFO] (Minecraft) Found unifont_jp_patch-17.0.01.hex, loading
[20:49:22] [Download-2/INFO] (Minecraft) Could not authorize you against Realms server: java.lang.RuntimeException: Failed to parse into SignedJWT: FabricMC
[20:49:22] [Download-2/ERROR] (Minecraft) Failed to fetch Realms feature flags
com.mojang.realmsclient.exception.RealmsServiceException: Realms authentication error with message 'java.lang.RuntimeException: Failed to parse into SignedJWT: FabricMC'
	at knot//com.mojang.realmsclient.client.RealmsClient.execute(RealmsClient.java:526)
	at knot//com.mojang.realmsclient.client.RealmsClient.fetchFeatureFlags(RealmsClient.java:186)
	at java.base/java.util.concurrent.CompletableFuture$AsyncSupply.run(CompletableFuture.java:1789)
	at java.base/java.util.concurrent.ThreadPoolExecutor.runWorker(ThreadPoolExecutor.java:1090)
	at java.base/java.util.concurrent.ThreadPoolExecutor$Worker.run(ThreadPoolExecutor.java:614)
	at java.base/java.lang.Thread.run(Thread.java:1474)
[20:49:22] [Render thread/INFO] (Minecraft) OpenAL initialized on device Built-in Audio Analog Stereo
[20:49:22] [Render thread/INFO] (Minecraft) Sound engine started
[20:49:22] [Render thread/INFO] (Minecraft) Created: 512x256x0 minecraft:textures/atlas/particles.png-atlas
[20:49:22] [Render thread/INFO] (Minecraft) Created: 128x128x0 minecraft:textures/atlas/decorated_pot.png-atlas
[20:49:22] [Render thread/INFO] (Minecraft) Created: 2048x1024x0 minecraft:textures/atlas/armor_trims.png-atlas
[20:49:22] [Render thread/INFO] (Minecraft) Created: 512x256x0 minecraft:textures/atlas/paintings.png-atlas
[20:49:22] [Render thread/INFO] (Minecraft) Created: 1024x512x0 minecraft:textures/atlas/shield_patterns.png-atlas
[20:49:22] [Render thread/INFO] (Minecraft) Created: 2048x2048x4 minecraft:textures/atlas/blocks.png-atlas
[20:49:22] [Render thread/INFO] (Minecraft) Created: 512x512x0 minecraft:textures/atlas/chest.png-atlas
[20:49:22] [Render thread/INFO] (Minecraft) Created: 256x128x0 minecraft:textures/atlas/celestials.png-atlas
[20:49:22] [Render thread/INFO] (Minecraft) Created: 1024x512x0 minecraft:textures/atlas/banner_patterns.png-atlas
[20:49:22] [Render thread/INFO] (Minecraft) Created: 512x512x0 minecraft:textures/atlas/beds.png-atlas
[20:49:22] [Render thread/INFO] (Minecraft) Created: 1024x512x0 minecraft:textures/atlas/items.png-atlas
[20:49:22] [Render thread/INFO] (Minecraft) Created: 1024x1024x0 minecraft:textures/atlas/gui.png-atlas
[20:49:22] [Render thread/INFO] (Minecraft) Created: 128x64x0 minecraft:textures/atlas/map_decorations.png-atlas
[20:49:22] [Render thread/INFO] (Minecraft) Created: 512x256x0 minecraft:textures/atlas/signs.png-atlas
[20:49:22] [Render thread/INFO] (Minecraft) Created: 512x512x0 minecraft:textures/atlas/shulker_boxes.png-atlas
[20:49:23] [IO-Worker-1/INFO] (Minecraft) Could not authorize you against Realms server: java.lang.RuntimeException: Failed to parse into SignedJWT: FabricMC
[20:49:23] [IO-Worker-1/ERROR] (Minecraft) Couldn't connect to realms
com.mojang.realmsclient.exception.RealmsServiceException: Realms authentication error with message 'java.lang.RuntimeException: Failed to parse into SignedJWT: FabricMC'
	at knot//com.mojang.realmsclient.client.RealmsClient.execute(RealmsClient.java:526)
	at knot//com.mojang.realmsclient.client.RealmsClient.clientCompatible(RealmsClient.java:307)
	at knot//com.mojang.realmsclient.RealmsAvailability.lambda$check$0(RealmsAvailability.java:48)
	at java.base/java.util.concurrent.CompletableFuture$AsyncSupply.run(CompletableFuture.java:1789)
	at java.base/java.util.concurrent.ThreadPoolExecutor.runWorker(ThreadPoolExecutor.java:1090)
	at java.base/java.util.concurrent.ThreadPoolExecutor$Worker.run(ThreadPoolExecutor.java:614)
	at java.base/java.lang.Thread.run(Thread.java:1474)
[20:49:31] [Render thread/INFO] (Minecraft) Loaded 1515 recipes
[20:49:31] [Render thread/INFO] (Minecraft) Loaded 1617 advancements
[20:49:31] [Render thread/INFO] (BiomeModificationImpl) Applied 0 biome modifications to 0 of 65 new biomes in 1.377 ms
[20:49:31] [Server thread/INFO] (Minecraft) Starting integrated minecraft server version 26.1.2
[20:49:31] [Server thread/INFO] (Minecraft) Generating keypair
[20:49:32] [Server thread/INFO] (Minecraft) Loading 0 persistent chunks...
[20:49:32] [Server thread/INFO] (Minecraft) Preparing spawn area: 16%
[20:49:32] [Server thread/INFO] (Minecraft) Saving chunks for level 'ServerLevel[New World]'/minecraft:overworld
[20:49:32] [Server thread/INFO] (Minecraft) Saving chunks for level 'ServerLevel[New World]'/minecraft:the_end
[20:49:32] [Server thread/INFO] (Minecraft) Saving chunks for level 'ServerLevel[New World]'/minecraft:the_nether
[20:49:32] [Server thread/INFO] (Minecraft) ThreadedAnvilChunkStorage (world): All chunks are saved
[20:49:32] [Server thread/INFO] (Minecraft) ThreadedAnvilChunkStorage (DIM1): All chunks are saved
[20:49:32] [Server thread/INFO] (Minecraft) ThreadedAnvilChunkStorage (DIM-1): All chunks are saved
[20:49:32] [Server thread/INFO] (Minecraft) ThreadedAnvilChunkStorage: All dimensions are saved
[20:49:33] [Server thread/INFO] (Minecraft) Loading 49 chunks for player spawn...
[20:49:33] [Server thread/INFO] (Minecraft) Preparing spawn area: 16%
[20:49:33] [Server thread/INFO] (Minecraft) Preparing spawn area: 16%
[20:49:33] [Server thread/INFO] (Minecraft) Preparing spawn area: 16%
[20:49:34] [Server thread/INFO] (Minecraft) Preparing spawn area: 16%
[20:49:34] [Server thread/INFO] (Minecraft) Preparing spawn area: 16%
[20:49:35] [Server thread/INFO] (Minecraft) Preparing spawn area: 16%
[20:49:35] [Server thread/INFO] (Minecraft) Preparing spawn area: 16%
[20:49:36] [Server thread/INFO] (Minecraft) Preparing spawn area: 16%
[20:49:36] [Server thread/INFO] (Minecraft) Preparing spawn area: 18%
[20:49:36] [Server thread/INFO] (Minecraft) Time elapsed: 4769 ms
[20:49:37] [Server thread/INFO] (Minecraft) Player680[local:E:1aa7aaa0] logged in with entity id 117 at (-44.5, 68.0, 55.5)
[20:49:37] [Server thread/INFO] (Minecraft) Player680 joined the game
[20:49:37] [Server thread/INFO] (Minecraft) Changing view distance to 16, from 10
[20:49:37] [Server thread/INFO] (Minecraft) Changing simulation distance to 12, from 0
[20:49:37] [Plausible/INFO] (Plausible) Event (5 props): {"name":"pageview","url":"mod://wurst/in-game","domain":"wurst","props":{"mc_version":"26.1.2","fabric_api_version":"0.149.1+26.1.2","fabric_loader_version":"0.19.2","language":"en_us","game_type":"singleplayer"}}
[20:49:38] [Render thread/INFO] (Minecraft) Loaded 2 advancements
[20:49:38] [Render thread/INFO] (Minecraft) Resizing Dynamic Transforms UBO, capacity limit of 2 reached during a single frame. New capacity will be 4.
[20:49:38] [Render thread/INFO] (Minecraft) Resizing Dynamic Transforms UBO, capacity limit of 4 reached during a single frame. New capacity will be 8.
[20:51:54] [Render thread/INFO] (Minecraft) [STDERR]: [Wurst] Failed to load capes from wurstclient.net!
[20:51:54] [Render thread/INFO] (Minecraft) [STDERR]: java.net.ConnectException: Connection timed out
[20:51:54] [Render thread/INFO] (Minecraft) [STDERR]: 	at java.base/sun.nio.ch.Net.connect0(Native Method)
[20:51:54] [Render thread/INFO] (Minecraft) [STDERR]: 	at java.base/sun.nio.ch.Net.connect(Net.java:546)
[20:51:54] [Render thread/INFO] (Minecraft) [STDERR]: 	at java.base/sun.nio.ch.Net.connect(Net.java:535)
[20:51:54] [Render thread/INFO] (Minecraft) [STDERR]: 	at java.base/sun.nio.ch.NioSocketImpl.connect(NioSocketImpl.java:585)
[20:51:54] [Render thread/INFO] (Minecraft) [STDERR]: 	at java.base/java.net.SocksSocketImpl.connect(SocksSocketImpl.java:284)
[20:51:54] [Render thread/INFO] (Minecraft) [STDERR]: 	at java.base/java.net.Socket.connect(Socket.java:659)
[20:51:54] [Render thread/INFO] (Minecraft) [STDERR]: 	at java.base/sun.security.ssl.SSLSocketImpl.connect(SSLSocketImpl.java:304)
[20:51:54] [Render thread/INFO] (Minecraft) [STDERR]: 	at java.base/sun.security.ssl.BaseSSLSocketImpl.connect(BaseSSLSocketImpl.java:181)
[20:51:54] [Render thread/INFO] (Minecraft) [STDERR]: 	at java.base/sun.net.NetworkClient.doConnect(NetworkClient.java:166)
[20:51:54] [Render thread/INFO] (Minecraft) [STDERR]: 	at java.base/sun.net.www.http.HttpClient.openServer(HttpClient.java:516)
[20:51:54] [Render thread/INFO] (Minecraft) [STDERR]: 	at java.base/sun.net.www.http.HttpClient.openServer(HttpClient.java:604)
[20:51:54] [Render thread/INFO] (Minecraft) [STDERR]: 	at java.base/sun.net.www.protocol.https.HttpsClient.<init>(HttpsClient.java:206)
[20:51:54] [Render thread/INFO] (Minecraft) [STDERR]: 	at java.base/sun.net.www.protocol.https.HttpsClient.New(HttpsClient.java:288)
[20:51:54] [Render thread/INFO] (Minecraft) [STDERR]: 	at java.base/sun.net.www.protocol.https.AbstractDelegateHttpsURLConnection.getNewHttpClient(AbstractDelegateHttpsURLConnection.java:193)
[20:51:54] [Render thread/INFO] (Minecraft) [STDERR]: 	at java.base/sun.net.www.protocol.http.HttpURLConnection.plainConnect0(HttpURLConnection.java:963)
[20:51:54] [Render thread/INFO] (Minecraft) [STDERR]: 	at java.base/sun.net.www.protocol.http.HttpURLConnection.plainConnect(HttpURLConnection.java:899)
[20:51:54] [Render thread/INFO] (Minecraft) [STDERR]: 	at java.base/sun.net.www.protocol.https.AbstractDelegateHttpsURLConnection.connect(AbstractDelegateHttpsURLConnection.java:179)
[20:51:54] [Render thread/INFO] (Minecraft) [STDERR]: 	at java.base/sun.net.www.protocol.http.HttpURLConnection.getInputStream0(HttpURLConnection.java:1377)
[20:51:54] [Render thread/INFO] (Minecraft) [STDERR]: 	at java.base/sun.net.www.protocol.http.HttpURLConnection.getInputStream(HttpURLConnection.java:1302)
[20:51:54] [Render thread/INFO] (Minecraft) [STDERR]: 	at java.base/sun.net.www.protocol.https.HttpsURLConnectionImpl.getInputStream(HttpsURLConnectionImpl.java:223)
[20:51:54] [Render thread/INFO] (Minecraft) [STDERR]: 	at java.base/java.net.URL.openStream(URL.java:1263)
[20:51:54] [Render thread/INFO] (Minecraft) [STDERR]: 	at knot//net.client.util.json.JsonUtils.parseURL(JsonUtils.java:69)
[20:51:54] [Render thread/INFO] (Minecraft) [STDERR]: 	at knot//net.client.util.json.JsonUtils.parseURLToObject(JsonUtils.java:93)
[20:51:54] [Render thread/INFO] (Minecraft) [STDERR]: 	at knot//net.minecraft.client.resources.SkinManager.setupWurstCapes(SkinManager.java:599)
[20:51:54] [Render thread/INFO] (Minecraft) [STDERR]: 	at knot//net.minecraft.client.resources.SkinManager.handler$zpm000$client$onFetchSkinTextures(SkinManager.java:553)
[20:51:54] [Render thread/INFO] (Minecraft) [STDERR]: 	at knot//net.minecraft.client.resources.SkinManager.registerTextures(SkinManager.java)
[20:51:54] [Render thread/INFO] (Minecraft) [STDERR]: 	at knot//net.minecraft.client.resources.SkinManager$1.lambda$load$1(SkinManager.java:66)
[20:51:54] [Render thread/INFO] (Minecraft) [STDERR]: 	at java.base/java.util.concurrent.CompletableFuture$UniCompose.tryFire(CompletableFuture.java:1171)
[20:51:54] [Render thread/INFO] (Minecraft) [STDERR]: 	at java.base/java.util.concurrent.CompletableFuture$Completion.run(CompletableFuture.java:503)
[20:51:54] [Render thread/INFO] (Minecraft) [STDERR]: 	at knot//net.minecraft.util.thread.BlockableEventLoop.doRunTask(BlockableEventLoop.java:173)
[20:51:54] [Render thread/INFO] (Minecraft) [STDERR]: 	at knot//net.minecraft.util.thread.ReentrantBlockableEventLoop.doRunTask(ReentrantBlockableEventLoop.java:23)
[20:51:54] [Render thread/INFO] (Minecraft) [STDERR]: 	at knot//net.minecraft.util.thread.BlockableEventLoop.pollTask(BlockableEventLoop.java:147)
[20:51:54] [Render thread/INFO] (Minecraft) [STDERR]: 	at knot//net.minecraft.util.thread.BlockableEventLoop.runAllTasks(BlockableEventLoop.java:127)
[20:51:54] [Render thread/INFO] (Minecraft) [STDERR]: 	at knot//net.minecraft.client.Minecraft.runTick(Minecraft.java:1345)
[20:51:54] [Render thread/INFO] (Minecraft) [STDERR]: 	at knot//net.minecraft.client.Minecraft.run(Minecraft.java:991)
[20:51:54] [Render thread/INFO] (Minecraft) [STDERR]: 	at knot//net.minecraft.client.main.Main.main(Main.java:248)
[20:51:54] [Render thread/INFO] (Minecraft) [STDERR]: 	at net.fabricmc.loader.impl.game.minecraft.MinecraftGameProvider.launch(MinecraftGameProvider.java:514)
[20:51:54] [Render thread/INFO] (Minecraft) [STDERR]: 	at net.fabricmc.loader.impl.launch.knot.Knot.launch(Knot.java:72)
[20:51:54] [Render thread/INFO] (Minecraft) [STDERR]: 	at net.fabricmc.loader.impl.launch.knot.KnotClient.main(KnotClient.java:23)
[20:51:54] [Render thread/INFO] (Minecraft) [STDERR]: 	at net.fabricmc.devlaunchinjector.Main.main(Main.java:86)
[20:51:54] [Render thread/WARN] (Minecraft) Timed out while waiting for the client to load chunks, letting the player into the world anyway
[20:51:54] [Render thread/INFO] (Minecraft) [STDOUT]: Brightness started at 0.5
[20:51:54] [Download-3/ERROR] (Minecraft) Failed to retrieve profile key pair
com.mojang.authlib.exceptions.MinecraftClientHttpException: Status: 401
	at knot//com.mojang.authlib.minecraft.client.MinecraftClient.readInputStream(MinecraftClient.java:103)
	at knot//com.mojang.authlib.minecraft.client.MinecraftClient.post(MinecraftClient.java:64)
	at knot//com.mojang.authlib.yggdrasil.YggdrasilUserApiService.getKeyPair(YggdrasilUserApiService.java:61)
	at knot//net.minecraft.client.multiplayer.AccountProfileKeyPairManager.fetchProfileKeyPair(AccountProfileKeyPairManager.java:128)
	at knot//net.minecraft.client.multiplayer.AccountProfileKeyPairManager.lambda$readOrFetchProfileKeyPair$0(AccountProfileKeyPairManager.java:77)
	at java.base/java.util.concurrent.CompletableFuture$AsyncSupply.run(CompletableFuture.java:1789)
	at java.base/java.util.concurrent.ThreadPoolExecutor.runWorker(ThreadPoolExecutor.java:1090)
	at java.base/java.util.concurrent.ThreadPoolExecutor$Worker.run(ThreadPoolExecutor.java:614)
	at java.base/java.lang.Thread.run(Thread.java:1474)
[20:51:55] [Download-5/ERROR] (Minecraft) Failed to retrieve profile key pair
com.mojang.authlib.exceptions.MinecraftClientHttpException: Status: 401
	at knot//com.mojang.authlib.minecraft.client.MinecraftClient.readInputStream(MinecraftClient.java:103)
	at knot//com.mojang.authlib.minecraft.client.MinecraftClient.post(MinecraftClient.java:64)
	at knot//com.mojang.authlib.yggdrasil.YggdrasilUserApiService.getKeyPair(YggdrasilUserApiService.java:61)
	at knot//net.minecraft.client.multiplayer.AccountProfileKeyPairManager.fetchProfileKeyPair(AccountProfileKeyPairManager.java:128)
	at knot//net.minecraft.client.multiplayer.AccountProfileKeyPairManager.lambda$readOrFetchProfileKeyPair$0(AccountProfileKeyPairManager.java:77)
	at java.base/java.util.concurrent.CompletableFuture$AsyncSupply.run(CompletableFuture.java:1789)
	at java.base/java.util.concurrent.ThreadPoolExecutor.runWorker(ThreadPoolExecutor.java:1090)
	at java.base/java.util.concurrent.ThreadPoolExecutor$Worker.run(ThreadPoolExecutor.java:614)
	at java.base/java.lang.Thread.run(Thread.java:1474)
[20:51:55] [Render thread/INFO] (Minecraft) Resizing Chunk Sections UBO, capacity limit of 2 reached during a single frame. New capacity will be 8.
[20:51:56] [Render thread/INFO] (Minecraft) Resizing Chunk Sections UBO, capacity limit of 8 reached during a single frame. New capacity will be 16.
[20:51:56] [Server thread/INFO] (Minecraft) Saving and pausing game...
[20:51:56] [Server thread/INFO] (Minecraft) Saving chunks for level 'ServerLevel[New World]'/minecraft:overworld
[20:51:56] [Render thread/INFO] (Minecraft) Resizing Chunk Sections UBO, capacity limit of 16 reached during a single frame. New capacity will be 32.
[20:51:56] [Server thread/INFO] (Minecraft) Saving chunks for level 'ServerLevel[New World]'/minecraft:the_end
[20:51:56] [Server thread/INFO] (Minecraft) Saving chunks for level 'ServerLevel[New World]'/minecraft:the_nether
[20:51:56] [WurstUpdater/INFO] (Minecraft) [STDOUT]: [Updater] Current version: 7.53.1
[20:51:56] [WurstUpdater/INFO] (Minecraft) [STDOUT]: [Updater] Latest version: 7.53.1
[20:51:58] [Render thread/INFO] (Minecraft) Resizing Chunk Sections UBO, capacity limit of 32 reached during a single frame. New capacity will be 64.
[20:52:00] [Render thread/INFO] (Minecraft) Resizing Chunk Sections UBO, capacity limit of 64 reached during a single frame. New capacity will be 128.
[20:52:01] [Render thread/INFO] (Minecraft) Resizing Chunk Sections UBO, capacity limit of 128 reached during a single frame. New capacity will be 256.
[20:52:01] [Render thread/INFO] (Minecraft) Resizing Chunk Sections UBO, capacity limit of 256 reached during a single frame. New capacity will be 512.
[20:52:03] [Render thread/INFO] (Minecraft) Resizing Chunk Sections UBO, capacity limit of 512 reached during a single frame. New capacity will be 1024.
[20:52:09] [Server thread/INFO] (Minecraft) Saving and pausing game...
[20:52:09] [Server thread/INFO] (Minecraft) Saving chunks for level 'ServerLevel[New World]'/minecraft:overworld
[20:52:09] [Server thread/INFO] (Minecraft) Saving chunks for level 'ServerLevel[New World]'/minecraft:the_end
[20:52:09] [Server thread/INFO] (Minecraft) Saving chunks for level 'ServerLevel[New World]'/minecraft:the_nether
